<?xml version="1.0" encoding="UTF-8"?>
<testng-results skipped="0" failed="1" total="4" passed="3">
  <reporter-output>
  </reporter-output>
  <suite name="Default suite" duration-ms="8524" started-at="2019-10-29T14:03:16Z" finished-at="2019-10-29T14:03:24Z">
    <groups>
    </groups>
    <test name="Default test" duration-ms="8524" started-at="2019-10-29T14:03:16Z" finished-at="2019-10-29T14:03:24Z">
      <class name="APIAutomation_RestAssured.RestAssured.TC001_GET_Request">
        <test-method status="PASS" signature="AuthrozationTest()[pri:0, instance:APIAutomation_RestAssured.RestAssured.TC001_GET_Request@c84051]" name="AuthrozationTest" duration-ms="3755" started-at="2019-10-29T19:33:16Z" finished-at="2019-10-29T19:33:19Z">
          <reporter-output>
          </reporter-output>
        </test-method> <!-- AuthrozationTest -->
        <test-method status="FAIL" signature="RegistrationSuccessful()[pri:0, instance:APIAutomation_RestAssured.RestAssured.TC001_GET_Request@c84051]" name="RegistrationSuccessful" duration-ms="1285" started-at="2019-10-29T19:33:19Z" finished-at="2019-10-29T19:33:21Z">
          <exception class="java.lang.AssertionError">
            <message>
              <![CDATA[expected [201] but found [200]]]>
            </message>
            <full-stacktrace>
              <![CDATA[java.lang.AssertionError: expected [201] but found [200]
	at org.testng.Assert.fail(Assert.java:94)
	at org.testng.Assert.failNotEquals(Assert.java:494)
	at org.testng.Assert.assertEquals(Assert.java:123)
	at org.testng.Assert.assertEquals(Assert.java:370)
	at org.testng.Assert.assertEquals(Assert.java:380)
	at APIAutomation_RestAssured.RestAssured.TC001_GET_Request.RegistrationSuccessful(TC001_GET_Request.java:111)
	at sun.reflect.NativeMethodAccessorImpl.invoke0(Native Method)
	at sun.reflect.NativeMethodAccessorImpl.invoke(Unknown Source)
	at sun.reflect.DelegatingMethodAccessorImpl.invoke(Unknown Source)
	at java.lang.reflect.Method.invoke(Unknown Source)
	at org.testng.internal.MethodInvocationHelper.invokeMethod(MethodInvocationHelper.java:84)
	at org.testng.internal.Invoker.invokeMethod(Invoker.java:714)
	at org.testng.internal.Invoker.invokeTestMethod(Invoker.java:901)
	at org.testng.internal.Invoker.invokeTestMethods(Invoker.java:1231)
	at org.testng.internal.TestMethodWorker.invokeTestMethods(TestMethodWorker.java:127)
	at org.testng.internal.TestMethodWorker.run(TestMethodWorker.java:111)
	at org.testng.TestRunner.privateRun(TestRunner.java:767)
	at org.testng.TestRunner.run(TestRunner.java:617)
	at org.testng.SuiteRunner.runTest(SuiteRunner.java:334)
	at org.testng.SuiteRunner.runSequentially(SuiteRunner.java:329)
	at org.testng.SuiteRunner.privateRun(SuiteRunner.java:291)
	at org.testng.SuiteRunner.run(SuiteRunner.java:240)
	at org.testng.SuiteRunnerWorker.runSuite(SuiteRunnerWorker.java:52)
	at org.testng.SuiteRunnerWorker.run(SuiteRunnerWorker.java:86)
	at org.testng.TestNG.runSuitesSequentially(TestNG.java:1224)
	at org.testng.TestNG.runSuitesLocally(TestNG.java:1149)
	at org.testng.TestNG.run(TestNG.java:1057)
	at org.testng.remote.RemoteTestNG.run(RemoteTestNG.java:111)
	at org.testng.remote.RemoteTestNG.initAndRun(RemoteTestNG.java:204)
	at org.testng.remote.RemoteTestNG.main(RemoteTestNG.java:175)
]]>
            </full-stacktrace>
          </exception> <!-- java.lang.AssertionError -->
          <reporter-output>
          </reporter-output>
        </test-method> <!-- RegistrationSuccessful -->
        <test-method status="PASS" signature="getweatherDetails()[pri:0, instance:APIAutomation_RestAssured.RestAssured.TC001_GET_Request@c84051]" name="getweatherDetails" duration-ms="2106" started-at="2019-10-29T19:33:21Z" finished-at="2019-10-29T19:33:23Z">
          <reporter-output>
          </reporter-output>
        </test-method> <!-- getweatherDetails -->
        <test-method status="PASS" signature="googleMapTest()[pri:0, instance:APIAutomation_RestAssured.RestAssured.TC001_GET_Request@c84051]" name="googleMapTest" duration-ms="1343" started-at="2019-10-29T19:33:23Z" finished-at="2019-10-29T19:33:24Z">
          <reporter-output>
          </reporter-output>
        </test-method> <!-- googleMapTest -->
      </class> <!-- APIAutomation_RestAssured.RestAssured.TC001_GET_Request -->
    </test> <!-- Default test -->
  </suite> <!-- Default suite -->
</testng-results>
